-------------------------------------------------------------------------------
Test set: ocr.code.ktp.AppTest
-------------------------------------------------------------------------------
Tests run: 1, Failures: 0, Errors: 1, Skipped: 0, Time elapsed: 2.593 sec <<< FAILURE!
testMyApplication(ocr.code.ktp.AppTest)  Time elapsed: 2.347 sec  <<< ERROR!
java.lang.ClassCastException: ocr.code.ktp.AppTest cannot be cast to io.vertx.core.Verticle
	at io.vertx.core.impl.JavaVerticleFactory.createVerticle(JavaVerticleFactory.java:44)
	at io.vertx.core.impl.DeploymentManager.createVerticles(DeploymentManager.java:184)
	at io.vertx.core.impl.DeploymentManager.lambda$doDeployVerticle$2(DeploymentManager.java:157)
	at io.vertx.core.impl.FutureImpl.setHandler(FutureImpl.java:81)
	at io.vertx.core.impl.DeploymentManager.doDeployVerticle(DeploymentManager.java:130)
	at io.vertx.core.impl.DeploymentManager.doDeployVerticle(DeploymentManager.java:102)
	at io.vertx.core.impl.DeploymentManager.deployVerticle(DeploymentManager.java:90)
	at io.vertx.core.impl.VertxImpl.deployVerticle(VertxImpl.java:596)
	at io.vertx.core.impl.VertxImpl.deployVerticle(VertxImpl.java:558)
	at ocr.code.ktp.AppTest.setUp(AppTest.java:16)
	at sun.reflect.NativeMethodAccessorImpl.invoke0(Native Method)
	at sun.reflect.NativeMethodAccessorImpl.invoke(NativeMethodAccessorImpl.java:62)
	at sun.reflect.DelegatingMethodAccessorImpl.invoke(DelegatingMethodAccessorImpl.java:43)
	at java.lang.reflect.Method.invoke(Method.java:498)
	at io.vertx.ext.unit.junit.VertxUnitRunner.invokeTestMethod(VertxUnitRunner.java:98)
	at io.vertx.ext.unit.junit.VertxUnitRunner.lambda$invokeExplosively$1(VertxUnitRunner.java:107)
	at io.vertx.ext.unit.impl.TestContextImpl.run(TestContextImpl.java:146)
	at io.vertx.ext.unit.impl.TestContextImpl.execute(TestContextImpl.java:130)
	at io.vertx.ext.unit.impl.TestContextImpl.execute(TestContextImpl.java:17)
	at io.vertx.ext.unit.impl.ExecutionContext.run(ExecutionContext.java:22)
	at io.vertx.ext.unit.impl.ExecutionContext.run(ExecutionContext.java:27)
	at io.vertx.ext.unit.junit.VertxUnitRunner.invokeExplosively(VertxUnitRunner.java:120)
	at io.vertx.ext.unit.junit.VertxUnitRunner.access$100(VertxUnitRunner.java:38)
	at io.vertx.ext.unit.junit.VertxUnitRunner$2.evaluate(VertxUnitRunner.java:167)
	at io.vertx.ext.unit.junit.VertxUnitRunner$3.evaluate(VertxUnitRunner.java:184)
	at org.junit.runners.ParentRunner.runLeaf(ParentRunner.java:271)
	at org.junit.runners.BlockJUnit4ClassRunner.runChild(BlockJUnit4ClassRunner.java:70)
	at org.junit.runners.BlockJUnit4ClassRunner.runChild(BlockJUnit4ClassRunner.java:50)
	at org.junit.runners.ParentRunner$3.run(ParentRunner.java:238)
	at org.junit.runners.ParentRunner$1.schedule(ParentRunner.java:63)
	at org.junit.runners.ParentRunner.runChildren(ParentRunner.java:236)
	at org.junit.runners.ParentRunner.access$000(ParentRunner.java:53)
	at org.junit.runners.ParentRunner$2.evaluate(ParentRunner.java:229)
	at org.junit.runners.ParentRunner.run(ParentRunner.java:309)
	at org.apache.maven.surefire.junit4.JUnit4Provider.execute(JUnit4Provider.java:252)
	at org.apache.maven.surefire.junit4.JUnit4Provider.executeTestSet(JUnit4Provider.java:141)
	at org.apache.maven.surefire.junit4.JUnit4Provider.invoke(JUnit4Provider.java:112)
	at sun.reflect.NativeMethodAccessorImpl.invoke0(Native Method)
	at sun.reflect.NativeMethodAccessorImpl.invoke(NativeMethodAccessorImpl.java:62)
	at sun.reflect.DelegatingMethodAccessorImpl.invoke(DelegatingMethodAccessorImpl.java:43)
	at java.lang.reflect.Method.invoke(Method.java:498)
	at org.apache.maven.surefire.util.ReflectionUtils.invokeMethodWithArray(ReflectionUtils.java:189)
	at org.apache.maven.surefire.booter.ProviderFactory$ProviderProxy.invoke(ProviderFactory.java:165)
	at org.apache.maven.surefire.booter.ProviderFactory.invokeProvider(ProviderFactory.java:85)
	at org.apache.maven.surefire.booter.ForkedBooter.runSuitesInProcess(ForkedBooter.java:115)
	at org.apache.maven.surefire.booter.ForkedBooter.main(ForkedBooter.java:75)

